nohup: ignoring input
[0mGET /auth.html [36m304 [0m11.156 ms - -[0m
[0mGET /main.css [36m304 [0m3.031 ms - -[0m
[0mGET /firebase-logo.png [33m404 [0m230.351 ms - 1223[0m
[0mGET /auth.html [36m304 [0m10.082 ms - -[0m
[0mGET /main.css [36m304 [0m0.648 ms - -[0m
[0mGET /firebase-logo.png [33m404 [0m49.496 ms - 1223[0m
[0mGET /auth.html [36m304 [0m6.561 ms - -[0m
[0mGET /main.css [36m304 [0m0.927 ms - -[0m
[0mGET /firebase-logo.png [33m404 [0m51.405 ms - 1223[0m
[0mGET /favicon.ico [33m404 [0m34.950 ms - 1223[0m
[0mGET /auth.html [36m304 [0m19.554 ms - -[0m
[0mGET /main.css [36m304 [0m1.036 ms - -[0m
[0mGET /firebase-logo.png [33m404 [0m40.105 ms - 1223[0m
[0mGET / [32m200 [0m5.266 ms - 1110[0m
[0mGET /javascripts/script.js [32m200 [0m1.959 ms - 447[0m
[0mGET /index.html [32m200 [0m1.456 ms - 1110[0m
[0mGET /javascripts/script.js [36m304 [0m0.864 ms - -[0m
[0mGET /index.html [36m304 [0m0.585 ms - -[0m
[0mGET /javascripts/script.js [36m304 [0m0.580 ms - -[0m
[0mGET /auth.html [32m200 [0m1.170 ms - 7719[0m
[0mGET /main.css [36m304 [0m0.597 ms - -[0m
[0mGET /firebase-logo.png [33m404 [0m43.444 ms - 1223[0m
[0mGET /index.html [36m304 [0m0.935 ms - -[0m
[0mGET /javascripts/script.js [36m304 [0m0.585 ms - -[0m
[0mGET / [36m304 [0m0.773 ms - -[0m
[0mGET /javascripts/script.js [36m304 [0m1.954 ms - -[0m
[0mGET / [32m200 [0m1.715 ms - 1153[0m
[0mGET /javascripts/script.js [36m304 [0m0.593 ms - -[0m
[0mGET /auth.html [36m304 [0m0.611 ms - -[0m
[0mGET /main.css [36m304 [0m1.307 ms - -[0m
[0mGET /firebase-logo.png [33m404 [0m30.946 ms - 1223[0m
[0mGET /auth.html [36m304 [0m0.580 ms - -[0m
[0mGET /main.css [36m304 [0m1.137 ms - -[0m
[0mGET /firebase-logo.png [33m404 [0m37.493 ms - 1223[0m
[0mGET /auth.html [36m304 [0m0.584 ms - -[0m
[0mGET /main.css [36m304 [0m0.561 ms - -[0m
[0mGET /firebase-logo.png [33m404 [0m21.843 ms - 1223[0m
[0mGET /auth.html [36m304 [0m0.745 ms - -[0m
[0mGET /main.css [36m304 [0m0.575 ms - -[0m
[0mGET /firebase-logo.png [33m404 [0m14.539 ms - 1223[0m
[0mGET /index.html [32m200 [0m1.404 ms - 1233[0m
[0mGET /javascripts/script.js [36m304 [0m0.561 ms - -[0m
[0mGET /index.html [32m200 [0m1.186 ms - 1234[0m
[0mGET /javascripts/script.js [32m200 [0m3.448 ms - 447[0m
[0mGET /index.html [32m200 [0m1.157 ms - 1224[0m
[0mGET /javascripts/script.js [36m304 [0m0.571 ms - -[0m
[0mGET /index.html [32m200 [0m1.858 ms - 1239[0m
[0mGET /javascripts/script.js [36m304 [0m2.502 ms - -[0m
[0mGET /auth.html [36m304 [0m0.962 ms - -[0m
[0mGET /main.css [36m304 [0m0.622 ms - -[0m
[0mGET /firebase-logo.png [33m404 [0m13.739 ms - 1223[0m
[0mGET /index.html [32m200 [0m0.884 ms - 1245[0m
[0mGET /javascripts/script.js [36m304 [0m0.568 ms - -[0m
[0mGET /index.html [32m200 [0m0.931 ms - 1215[0m
[0mGET /javascripts/script.js [36m304 [0m0.587 ms - -[0m
[0mGET /index.html [32m200 [0m0.912 ms - 1234[0m
[0mGET /javascripts/script.js [36m304 [0m1.047 ms - -[0m
[0mGET /index.html [32m200 [0m0.946 ms - 1252[0m
[0mGET /javascripts/script.js [36m304 [0m0.923 ms - -[0m
[0mGET /index.html [32m200 [0m0.822 ms - 1228[0m
[0mGET /javascripts/script.js [36m304 [0m0.547 ms - -[0m
[0mGET /index.html [32m200 [0m0.917 ms - 1218[0m
[0mGET /javascripts/script.js [36m304 [0m0.573 ms - -[0m
[0mGET /index.html [32m200 [0m6.111 ms - 1187[0m
[0mGET /javascripts/script.js [36m304 [0m1.686 ms - -[0m
[0mGET /index.html [32m200 [0m2.363 ms - 1197[0m
[0mGET /javascripts/script.js [36m304 [0m0.579 ms - -[0m
[0mGET /index.html [32m200 [0m1.500 ms - 408[0m
[0mGET /index.html [32m200 [0m0.871 ms - 625[0m
[0mGET /index.html [32m200 [0m1.902 ms - 513[0m
[0mGET /index.html [32m200 [0m0.867 ms - 511[0m
[0mGET /index.html [32m200 [0m0.918 ms - 534[0m
[0mGET /auth.html [36m304 [0m0.614 ms - -[0m
[0mGET /main.css [36m304 [0m0.585 ms - -[0m
[0mGET /firebase-logo.png [33m404 [0m18.436 ms - 1223[0m
[0mGET /index.html [36m304 [0m0.558 ms - -[0m
[0mGET /auth.html [36m304 [0m0.554 ms - -[0m
[0mGET /main.css [36m304 [0m0.559 ms - -[0m
[0mGET /firebase-logo.png [33m404 [0m15.742 ms - 1223[0m
[0mGET /index.html [32m200 [0m1.301 ms - 552[0m
[0mGET /index.html [32m200 [0m1.643 ms - 534[0m
[0mGET /index.html [32m200 [0m2.930 ms - 538[0m
[0mGET /auth.html [36m304 [0m0.584 ms - -[0m
[0mGET /main.css [36m304 [0m0.560 ms - -[0m
[0mGET /firebase-logo.png [33m404 [0m13.509 ms - 1223[0m
[0mGET /auth.html [32m200 [0m0.914 ms - 7784[0m
[0mGET /main.css [36m304 [0m0.541 ms - -[0m
[0mGET /firebase-logo.png [33m404 [0m13.036 ms - 1223[0m
[0mGET /auth.html [32m200 [0m0.929 ms - 7788[0m
[0mGET /main.css [36m304 [0m0.574 ms - -[0m
[0mGET /firebase-logo.png [33m404 [0m9.826 ms - 1223[0m
[0mGET /auth.html [32m200 [0m1.215 ms - 7792[0m
[0mGET /main.css [36m304 [0m0.544 ms - -[0m
[0mGET /firebase-logo.png [33m404 [0m16.220 ms - 1223[0m
[0mGET /auth.html [32m200 [0m2.039 ms - 7802[0m
[0mGET /main.css [36m304 [0m0.608 ms - -[0m
[0mGET /firebase-logo.png [33m404 [0m15.094 ms - 1223[0m
[0mGET /auth.html [32m200 [0m1.759 ms - 7809[0m
[0mGET /main.css [36m304 [0m0.555 ms - -[0m
[0mGET /firebase-logo.png [33m404 [0m6.068 ms - 1223[0m
[0mGET /auth.html [32m200 [0m0.905 ms - 7809[0m
[0mGET /main.css [36m304 [0m0.530 ms - -[0m
[0mGET /firebase-logo.png [33m404 [0m7.673 ms - 1223[0m
[0mGET /index.html [32m200 [0m0.888 ms - 536[0m
[0mGET /auth.html [36m304 [0m0.573 ms - -[0m
[0mGET /main.css [36m304 [0m1.289 ms - -[0m
[0mGET /firebase-logo.png [33m404 [0m5.557 ms - 1223[0m
[0mGET /auth.html [32m200 [0m0.935 ms - 7830[0m
[0mGET /main.css [36m304 [0m0.562 ms - -[0m
[0mGET /firebase-logo.png [33m404 [0m7.075 ms - 1223[0m
[0mGET /auth.html [32m200 [0m1.819 ms - 7933[0m
[0mGET /main.css [36m304 [0m0.583 ms - -[0m
[0mGET /firebase-logo.png [33m404 [0m6.664 ms - 1223[0m
[0mGET /index.html [36m304 [0m0.541 ms - -[0m
[0mGET /auth.html [36m304 [0m0.762 ms - -[0m
[0mGET /main.css [36m304 [0m0.536 ms - -[0m
[0mGET /firebase-logo.png [33m404 [0m4.849 ms - 1223[0m
[0mGET /index.html [36m304 [0m0.570 ms - -[0m
[0mGET /auth.html [36m304 [0m0.567 ms - -[0m
[0mGET /main.css [36m304 [0m0.531 ms - -[0m
[0mGET /firebase-logo.png [33m404 [0m9.275 ms - 1223[0m
[0mGET /index.html [36m304 [0m0.773 ms - -[0m
[0mGET /auth.html [36m304 [0m0.521 ms - -[0m
[0mGET /main.css [36m304 [0m0.539 ms - -[0m
[0mGET /firebase-logo.png [33m404 [0m4.767 ms - 1223[0m
[0mGET /index.html [32m200 [0m0.909 ms - 1228[0m
[0mGET /javascripts/script.js [36m304 [0m0.544 ms - -[0m
[0mGET /index.html [32m200 [0m0.853 ms - 1156[0m
[0mGET /javascripts/script.js [36m304 [0m0.548 ms - -[0m
[0mGET /auth.html [36m304 [0m1.926 ms - -[0m
[0mGET /main.css [36m304 [0m1.382 ms - -[0m
[0mGET /firebase-logo.png [33m404 [0m14.360 ms - 1223[0m
[0mGET /index.html [36m304 [0m0.518 ms - -[0m
[0mGET /javascripts/script.js [36m304 [0m0.580 ms - -[0m
[0mGET /auth.html [36m304 [0m0.537 ms - -[0m
[0mGET /main.css [36m304 [0m0.550 ms - -[0m
[0mGET /firebase-logo.png [33m404 [0m5.389 ms - 1223[0m
[0mGET /index.html [32m200 [0m1.193 ms - 1156[0m
[0mGET /javascripts/script.js [36m304 [0m0.529 ms - -[0m
[0mGET /auth.html [36m304 [0m0.545 ms - -[0m
[0mGET /main.css [36m304 [0m0.532 ms - -[0m
[0mGET /firebase-logo.png [33m404 [0m7.896 ms - 1223[0m
[0mGET /index.html [36m304 [0m0.507 ms - -[0m
[0mGET /javascripts/script.js [36m304 [0m0.530 ms - -[0m
[0mGET /auth.html [36m304 [0m0.529 ms - -[0m
[0mGET /main.css [36m304 [0m0.528 ms - -[0m
[0mGET /firebase-logo.png [33m404 [0m8.153 ms - 1223[0m
[0mGET /index.html [36m304 [0m0.615 ms - -[0m
[0mGET /javascripts/script.js [36m304 [0m0.581 ms - -[0m
[0mGET /auth.html [36m304 [0m0.552 ms - -[0m
[0mGET /main.css [36m304 [0m0.525 ms - -[0m
[0mGET /firebase-logo.png [33m404 [0m5.149 ms - 1223[0m
[0mGET /index.html [36m304 [0m0.515 ms - -[0m
[0mGET /javascripts/script.js [36m304 [0m0.541 ms - -[0m
[0mGET /auth.html [36m304 [0m0.526 ms - -[0m
[0mGET /main.css [36m304 [0m0.543 ms - -[0m
[0mGET /firebase-logo.png [33m404 [0m8.349 ms - 1223[0m
[0mGET /auth.html [36m304 [0m0.524 ms - -[0m
[0mGET /main.css [36m304 [0m0.529 ms - -[0m
[0mGET /firebase-logo.png [33m404 [0m12.439 ms - 1223[0m
[0mGET /auth.html [32m200 [0m2.922 ms - 7933[0m
[0mGET /main.css [36m304 [0m0.529 ms - -[0m
[0mGET /firebase-logo.png [33m404 [0m4.963 ms - 1223[0m
[0mGET /index.html [32m200 [0m0.905 ms - 5477[0m
[0mGET /javascripts/script.js [36m304 [0m0.593 ms - -[0m
[0mGET /auth.html [36m304 [0m3.881 ms - -[0m
[0mGET /main.css [36m304 [0m0.520 ms - -[0m
[0mGET /firebase-logo.png [33m404 [0m5.941 ms - 1223[0m
[0mGET /index.html [36m304 [0m0.513 ms - -[0m
[0mGET /javascripts/script.js [36m304 [0m1.094 ms - -[0m
[0mGET /auth.html [32m200 [0m0.852 ms - 8018[0m
[0mGET /main.css [36m304 [0m0.488 ms - -[0m
[0mGET /firebase-logo.png [33m404 [0m8.539 ms - 1223[0m
[0mGET /auth.html [32m200 [0m0.890 ms - 7933[0m
[0mGET /main.css [36m304 [0m0.574 ms - -[0m
[0mGET /firebase-logo.png [33m404 [0m4.707 ms - 1223[0m
[0mGET /auth.html [36m304 [0m0.549 ms - -[0m
[0mGET /main.css [36m304 [0m0.534 ms - -[0m
[0mGET /firebase-logo.png [33m404 [0m4.585 ms - 1223[0m
[0mGET /index.html [36m304 [0m0.536 ms - -[0m
[0mGET /javascripts/script.js [36m304 [0m0.510 ms - -[0m
[0mGET /auth.html [36m304 [0m0.518 ms - -[0m
[0mGET /main.css [36m304 [0m0.518 ms - -[0m
[0mGET /firebase-logo.png [33m404 [0m4.594 ms - 1223[0m
[0mGET /index.html [36m304 [0m0.490 ms - -[0m
[0mGET /javascripts/script.js [36m304 [0m0.498 ms - -[0m
[0mGET /auth.html [36m304 [0m0.548 ms - -[0m
[0mGET /main.css [36m304 [0m0.591 ms - -[0m
[0mGET /firebase-logo.png [33m404 [0m6.104 ms - 1223[0m
[0mGET /auth.html [32m200 [0m1.446 ms - 7942[0m
[0mGET /main.css [36m304 [0m0.518 ms - -[0m
[0mGET /firebase-logo.png [33m404 [0m4.090 ms - 1223[0m
[0mGET /auth.html [36m304 [0m0.519 ms - -[0m
[0mGET /main.css [36m304 [0m1.176 ms - -[0m
[0mGET /firebase-logo.png [33m404 [0m4.127 ms - 1223[0m
[0mGET /auth.html [32m200 [0m0.811 ms - 7933[0m
[0mGET /main.css [36m304 [0m3.233 ms - -[0m
[0mGET /firebase-logo.png [33m404 [0m4.605 ms - 1223[0m
[0mGET /auth.html [32m200 [0m0.796 ms - 7942[0m
[0mGET /main.css [36m304 [0m0.529 ms - -[0m
[0mGET /firebase-logo.png [33m404 [0m6.923 ms - 1223[0m
[0mGET /auth.html [32m200 [0m0.849 ms - 7951[0m
[0mGET /main.css [36m304 [0m0.568 ms - -[0m
[0mGET /firebase-logo.png [33m404 [0m4.573 ms - 1223[0m
[0mGET /auth.html [32m200 [0m0.849 ms - 7926[0m
[0mGET /main.css [36m304 [0m0.537 ms - -[0m
[0mGET /firebase-logo.png [33m404 [0m5.435 ms - 1223[0m
[0mGET /auth.html [32m200 [0m2.752 ms - 7933[0m
[0mGET /main.css [36m304 [0m0.553 ms - -[0m
[0mGET /firebase-logo.png [33m404 [0m4.077 ms - 1223[0m
[0mGET /auth.html [32m200 [0m0.898 ms - 7958[0m
[0mGET /main.css [36m304 [0m0.566 ms - -[0m
[0mGET /firebase-logo.png [33m404 [0m4.863 ms - 1223[0m
[0mGET /auth.html [32m200 [0m0.886 ms - 7970[0m
[0mGET /main.css [36m304 [0m0.468 ms - -[0m
[0mGET /firebase-logo.png [33m404 [0m4.655 ms - 1223[0m
[0mGET /auth.html [32m200 [0m0.870 ms - 8708[0m
[0mGET /main.css [36m304 [0m0.489 ms - -[0m
[0mGET /firebase-logo.png [33m404 [0m13.929 ms - 1223[0m
[0mGET /auth.html? [32m200 [0m0.900 ms - 8708[0m
[0mGET /main.css [36m304 [0m0.565 ms - -[0m
[0mGET /firebase-logo.png [33m404 [0m5.023 ms - 1223[0m
[0mGET /auth.html? [32m200 [0m0.864 ms - 7941[0m
[0mGET /main.css [36m304 [0m0.549 ms - -[0m
[0mGET /firebase-logo.png [33m404 [0m4.451 ms - 1223[0m
[0mGET /auth.html [32m200 [0m1.643 ms - 8324[0m
[0mGET /main.css [36m304 [0m0.501 ms - -[0m
[0mGET /firebase-logo.png [33m404 [0m4.200 ms - 1223[0m
[0mGET /auth.html [36m304 [0m0.551 ms - -[0m
[0mGET /main.css [36m304 [0m0.544 ms - -[0m
[0mGET /firebase-logo.png [33m404 [0m4.634 ms - 1223[0m
[0mGET /auth.html [32m200 [0m0.922 ms - 8955[0m
[0mGET /main.css [36m304 [0m1.811 ms - -[0m
[0mGET /firebase-logo.png [33m404 [0m5.461 ms - 1223[0m
[0mGET /auth.html [36m304 [0m0.560 ms - -[0m
[0mGET /main.css [36m304 [0m0.530 ms - -[0m
[0mGET /firebase-logo.png [33m404 [0m4.506 ms - 1223[0m
[0mGET /auth.html [36m304 [0m0.523 ms - -[0m
[0mGET /main.css [36m304 [0m0.492 ms - -[0m
[0mGET /firebase-logo.png [33m404 [0m4.521 ms - 1223[0m
[0mGET /auth.html [36m304 [0m0.504 ms - -[0m
[0mGET /main.css [36m304 [0m0.545 ms - -[0m
[0mGET /firebase-logo.png [33m404 [0m4.191 ms - 1223[0m
[0mGET /auth.html [36m304 [0m0.558 ms - -[0m
[0mGET /main.css [36m304 [0m1.458 ms - -[0m
[0mGET /firebase-logo.png [33m404 [0m4.055 ms - 1223[0m
[0mGET /auth.html [36m304 [0m0.546 ms - -[0m
[0mGET /main.css [36m304 [0m0.545 ms - -[0m
[0mGET /firebase-logo.png [33m404 [0m6.169 ms - 1223[0m
[0mGET /auth.html [36m304 [0m0.504 ms - -[0m
[0mGET /main.css [36m304 [0m0.492 ms - -[0m
[0mGET /firebase-logo.png [33m404 [0m4.633 ms - 1223[0m
[0mGET /index.html [32m200 [0m0.829 ms - 1155[0m
[0mGET /javascripts/script.js [36m304 [0m0.527 ms - -[0m
[0mGET /auth.html [36m304 [0m0.517 ms - -[0m
[0mGET /main.css [36m304 [0m0.512 ms - -[0m
[0mGET /firebase-logo.png [33m404 [0m4.552 ms - 1223[0m
[0mGET /index.html [36m304 [0m0.578 ms - -[0m
[0mGET /javascripts/script.js [36m304 [0m0.514 ms - -[0m
[0mGET /auth.html [36m304 [0m0.546 ms - -[0m
[0mGET /main.css [36m304 [0m0.515 ms - -[0m
[0mGET /firebase-logo.png [33m404 [0m4.573 ms - 1223[0m
[0mGET /index.html [32m200 [0m0.873 ms - 5741[0m
[0mGET /javascripts/script.js [36m304 [0m0.565 ms - -[0m
[0mGET /index.html [32m200 [0m0.915 ms - 6039[0m
[0mGET /javascripts/script.js [36m304 [0m0.940 ms - -[0m
[0mGET /index.html [36m304 [0m0.559 ms - -[0m
[0mGET /javascripts/script.js [36m304 [0m1.701 ms - -[0m
[0mGET /index.html [32m200 [0m3.608 ms - 6048[0m
[0mGET /javascripts/script.js [36m304 [0m0.511 ms - -[0m
[0mGET /index.html [32m200 [0m4.232 ms - 6039[0m
[0mGET /javascripts/script.js [36m304 [0m0.486 ms - -[0m
[0mGET /index.html [36m304 [0m0.537 ms - -[0m
[0mGET /javascripts/script.js [36m304 [0m0.434 ms - -[0m
[0mGET /index.html [36m304 [0m0.509 ms - -[0m
[0mGET /javascripts/script.js [36m304 [0m0.511 ms - -[0m
[0mGET /index.html [36m304 [0m0.509 ms - -[0m
[0mGET /javascripts/script.js [36m304 [0m0.534 ms - -[0m
[0mGET /index.html [36m304 [0m0.514 ms - -[0m
[0mGET /javascripts/script.js [36m304 [0m0.571 ms - -[0m
[0mGET /index.html [32m200 [0m0.823 ms - 6048[0m
[0mGET /javascripts/script.js [36m304 [0m0.528 ms - -[0m
[0mGET /index.html [32m200 [0m0.808 ms - 6075[0m
[0mGET /javascripts/script.js [36m304 [0m0.502 ms - -[0m
[0mGET /index.html [32m200 [0m0.797 ms - 6057[0m
[0mGET /javascripts/script.js [36m304 [0m0.577 ms - -[0m
[0mGET /index.html [32m200 [0m0.846 ms - 6075[0m
[0mGET /javascripts/script.js [36m304 [0m0.495 ms - -[0m
[0mGET /index.html [32m200 [0m0.889 ms - 6066[0m
[0mGET /javascripts/script.js [36m304 [0m0.410 ms - -[0m
[0mGET /index.html [32m200 [0m3.128 ms - 6057[0m
[0mGET /javascripts/script.js [36m304 [0m0.490 ms - -[0m
[0mGET /index.html [32m200 [0m0.825 ms - 6048[0m
[0mGET /javascripts/script.js [36m304 [0m0.475 ms - -[0m
[0mGET /index.html [32m200 [0m0.903 ms - 6004[0m
[0mGET /javascripts/script.js [36m304 [0m0.525 ms - -[0m
[0mGET /index.html [32m200 [0m0.843 ms - 6013[0m
[0mGET /javascripts/script.js [36m304 [0m0.519 ms - -[0m
[0mGET /index.html [32m200 [0m0.821 ms - 6000[0m
[0mGET /javascripts/script.js [36m304 [0m0.526 ms - -[0m
[0mGET /index.html [32m200 [0m0.818 ms - 6004[0m
[0mGET /javascripts/script.js [36m304 [0m0.977 ms - -[0m
[0mGET /index.html [32m200 [0m0.900 ms - 6013[0m
[0mGET /javascripts/script.js [36m304 [0m0.568 ms - -[0m
[0mGET /index.html [32m200 [0m0.803 ms - 6022[0m
[0mGET /javascripts/script.js [36m304 [0m0.488 ms - -[0m
[0mGET /index.html [32m200 [0m0.840 ms - 6031[0m
[0mGET /javascripts/script.js [36m304 [0m0.505 ms - -[0m
[0mGET /index.html [36m304 [0m0.518 ms - -[0m
[0mGET /javascripts/script.js [36m304 [0m0.504 ms - -[0m
[0mGET /index.html [32m200 [0m0.884 ms - 6040[0m
[0mGET /javascripts/script.js [36m304 [0m0.464 ms - -[0m
[0mGET /index.html [32m200 [0m0.816 ms - 6040[0m
[0mGET /javascripts/script.js [36m304 [0m0.526 ms - -[0m
[0mGET /index.html [36m304 [0m0.482 ms - -[0m
[0mGET /javascripts/script.js [36m304 [0m0.535 ms - -[0m
[0mGET /index.html [36m304 [0m0.553 ms - -[0m
[0mGET /javascripts/script.js [36m304 [0m0.552 ms - -[0m
[0mGET /index.html [32m200 [0m0.818 ms - 6031[0m
[0mGET /javascripts/script.js [36m304 [0m0.549 ms - -[0m
[0mGET /index.html [32m200 [0m0.826 ms - 6030[0m
[0mGET /javascripts/script.js [36m304 [0m0.511 ms - -[0m
[0mGET /index.html [32m200 [0m0.863 ms - 6042[0m
[0mGET /javascripts/script.js [36m304 [0m0.951 ms - -[0m
[0mGET /index.html [32m200 [0m0.838 ms - 6057[0m
[0mGET /javascripts/script.js [36m304 [0m1.081 ms - -[0m
[0mGET /index.html [32m200 [0m0.811 ms - 6057[0m
[0mGET /javascripts/script.js [36m304 [0m1.330 ms - -[0m
[0mGET /index.html [32m200 [0m0.914 ms - 6057[0m
[0mGET /javascripts/script.js [36m304 [0m0.498 ms - -[0m
[0mGET /index.html [32m200 [0m0.860 ms - 6062[0m
[0mGET /javascripts/script.js [36m304 [0m0.525 ms - -[0m
[0mGET /index.html [32m200 [0m0.839 ms - 6048[0m
[0mGET /javascripts/script.js [36m304 [0m0.499 ms - -[0m
[0mGET /index.html [36m304 [0m0.568 ms - -[0m
[0mGET /javascripts/script.js [36m304 [0m0.489 ms - -[0m
[0mGET /index.html [32m200 [0m0.794 ms - 6074[0m
[0mGET /javascripts/script.js [36m304 [0m0.542 ms - -[0m
[0mGET /index.html [36m304 [0m0.501 ms - -[0m
[0mGET /javascripts/script.js [36m304 [0m0.492 ms - -[0m
[0mGET /index.html [32m200 [0m1.656 ms - 6064[0m
[0mGET /javascripts/script.js [36m304 [0m0.524 ms - -[0m
[0mGET /index.html [36m304 [0m0.505 ms - -[0m
[0mGET /javascripts/script.js [36m304 [0m0.494 ms - -[0m
[0mGET /index.html [32m200 [0m0.821 ms - 6064[0m
[0mGET /javascripts/script.js [36m304 [0m0.516 ms - -[0m
[0mGET /index.html [32m200 [0m0.783 ms - 6096[0m
[0mGET /javascripts/script.js [36m304 [0m0.562 ms - -[0m
[0mGET /index.html [32m200 [0m0.879 ms - 6100[0m
[0mGET /javascripts/script.js [36m304 [0m0.502 ms - -[0m
[0mGET /index.html [36m304 [0m1.935 ms - -[0m
[0mGET /javascripts/script.js [36m304 [0m0.527 ms - -[0m
[0mGET /index.html [36m304 [0m0.513 ms - -[0m
[0mGET /javascripts/script.js [36m304 [0m0.507 ms - -[0m
[0mGET /index.html [32m200 [0m0.793 ms - 6102[0m
[0mGET /javascripts/script.js [36m304 [0m0.503 ms - -[0m
[0mGET /index.html [36m304 [0m0.498 ms - -[0m
[0mGET /javascripts/script.js [36m304 [0m0.474 ms - -[0m
[0mGET /index.html [32m200 [0m0.838 ms - 6081[0m
[0mGET /javascripts/script.js [36m304 [0m0.556 ms - -[0m
[0mGET /index.html [32m200 [0m0.850 ms - 6083[0m
[0mGET /javascripts/script.js [36m304 [0m0.503 ms - -[0m
[0mGET /index.html [32m200 [0m2.293 ms - 6066[0m
[0mGET /javascripts/script.js [36m304 [0m1.227 ms - -[0m
[0mGET /index.html [32m200 [0m0.854 ms - 6116[0m
[0mGET /javascripts/script.js [36m304 [0m0.530 ms - -[0m
[0mGET /index.html [36m304 [0m0.978 ms - -[0m
[0mGET /javascripts/script.js [36m304 [0m0.516 ms - -[0m
[0mGET /index.html [36m304 [0m0.522 ms - -[0m
[0mGET /javascripts/script.js [36m304 [0m0.451 ms - -[0m
[0mGET /index.html [32m200 [0m0.816 ms - 6102[0m
[0mGET /javascripts/script.js [36m304 [0m0.539 ms - -[0m
[0mGET /index.html [36m304 [0m0.554 ms - -[0m
[0mGET /javascripts/script.js [36m304 [0m0.527 ms - -[0m
[0mGET /index.html [32m200 [0m0.857 ms - 6110[0m
[0mGET /javascripts/script.js [36m304 [0m0.521 ms - -[0m
[0mGET /index.html [36m304 [0m2.232 ms - -[0m
[0mGET /javascripts/script.js [36m304 [0m0.557 ms - -[0m
[0mGET /index.html [32m200 [0m0.798 ms - 6109[0m
[0mGET /javascripts/script.js [36m304 [0m6.268 ms - -[0m
[0mGET /index.html [36m304 [0m0.505 ms - -[0m
[0mGET /javascripts/script.js [36m304 [0m0.483 ms - -[0m
[0mGET /index.html [36m304 [0m0.493 ms - -[0m
[0mGET /javascripts/script.js [36m304 [0m0.455 ms - -[0m
[0mGET /index.html [32m200 [0m0.815 ms - 6117[0m
[0mGET /javascripts/script.js [36m304 [0m0.511 ms - -[0m
[0mGET /index.html [36m304 [0m0.485 ms - -[0m
[0mGET /javascripts/script.js [36m304 [0m0.521 ms - -[0m
[0mGET /index.html [36m304 [0m0.985 ms - -[0m
[0mGET /javascripts/script.js [36m304 [0m0.460 ms - -[0m
[0mGET /index.html [32m200 [0m0.883 ms - 6118[0m
[0mGET /javascripts/script.js [36m304 [0m0.482 ms - -[0m
[0mGET /index.html [36m304 [0m0.504 ms - -[0m
[0mGET /javascripts/script.js [36m304 [0m14.128 ms - -[0m
[0mGET /index.html [32m200 [0m0.751 ms - 6113[0m
[0mGET /javascripts/script.js [36m304 [0m0.477 ms - -[0m
[0mGET /index.html [36m304 [0m0.479 ms - -[0m
[0mGET /javascripts/script.js [36m304 [0m0.480 ms - -[0m
[0mGET /index.html [32m200 [0m0.804 ms - 6110[0m
[0mGET /javascripts/script.js [36m304 [0m0.509 ms - -[0m
[0mGET /index.html [36m304 [0m0.497 ms - -[0m
[0mGET /javascripts/script.js [36m304 [0m0.491 ms - -[0m
[0mGET /index.html [32m200 [0m0.800 ms - 6110[0m
[0mGET /javascripts/script.js [36m304 [0m0.505 ms - -[0m
[0mGET /index.html [36m304 [0m0.457 ms - -[0m
[0mGET /javascripts/script.js [36m304 [0m0.510 ms - -[0m
[0mGET /index.html [32m200 [0m0.812 ms - 6072[0m
[0mGET /javascripts/script.js [36m304 [0m0.512 ms - -[0m
[0mGET /index.html [36m304 [0m0.489 ms - -[0m
[0mGET /javascripts/script.js [36m304 [0m0.463 ms - -[0m
[0mGET /index.html [32m200 [0m1.291 ms - 6078[0m
[0mGET /javascripts/script.js [36m304 [0m0.459 ms - -[0m
[0mGET /index.html [32m200 [0m0.840 ms - 6085[0m
[0mGET /javascripts/script.js [36m304 [0m0.503 ms - -[0m
[0mGET /index.html [36m304 [0m0.465 ms - -[0m
[0mGET /javascripts/script.js [36m304 [0m0.501 ms - -[0m
[0mGET /index.html [36m304 [0m0.485 ms - -[0m
[0mGET /javascripts/script.js [36m304 [0m0.503 ms - -[0m
[0mGET /index.html [32m200 [0m0.782 ms - 6090[0m
[0mGET /javascripts/script.js [36m304 [0m0.482 ms - -[0m
[0mGET /index.html [36m304 [0m0.465 ms - -[0m
[0mGET /javascripts/script.js [36m304 [0m0.510 ms - -[0m
[0mGET /index.html [32m200 [0m0.846 ms - 6092[0m
[0mGET /javascripts/script.js [32m200 [0m0.816 ms - 483[0m
[0mGET /index.html [36m304 [0m0.482 ms - -[0m
[0mGET /javascripts/script.js [32m200 [0m0.808 ms - 484[0m
[0mGET /index.html [36m304 [0m0.491 ms - -[0m
[0mGET /javascripts/script.js [32m200 [0m0.758 ms - 485[0m
[0mGET /index.html [36m304 [0m0.458 ms - -[0m
[0mGET /javascripts/script.js [36m304 [0m0.517 ms - -[0m
[0mGET /index.html [36m304 [0m0.474 ms - -[0m
[0mGET /javascripts/script.js [32m200 [0m0.824 ms - 484[0m
[0mGET /index.html [36m304 [0m0.475 ms - -[0m
[0mGET /javascripts/script.js [32m200 [0m0.787 ms - 485[0m
[0mGET /index.html [32m200 [0m0.824 ms - 6119[0m
[0mGET /javascripts/script.js [36m304 [0m0.505 ms - -[0m
[0mGET /index.html [36m304 [0m0.529 ms - -[0m
[0mGET /javascripts/script.js [32m200 [0m0.808 ms - 484[0m
[0mGET /index.html [36m304 [0m0.503 ms - -[0m
[0mGET /javascripts/script.js [36m304 [0m0.478 ms - -[0m
[0mGET /index.html [36m304 [0m0.496 ms - -[0m
[0mGET /javascripts/script.js [36m304 [0m1.363 ms - -[0m
[0mGET /index.html [32m200 [0m0.820 ms - 6126[0m
[0mGET /javascripts/script.js [36m304 [0m0.499 ms - -[0m
[0mGET /index.html [36m304 [0m0.511 ms - -[0m
[0mGET /javascripts/script.js [36m304 [0m0.469 ms - -[0m
[0mGET /index.html [32m200 [0m0.831 ms - 6126[0m
[0mGET /javascripts/script.js [32m200 [0m0.843 ms - 643[0m
[0mGET /index.html [36m304 [0m0.474 ms - -[0m
[0mGET /javascripts/script.js [36m304 [0m0.495 ms - -[0m
[0mGET /index.html [32m200 [0m0.769 ms - 6101[0m
[0mGET /javascripts/script.js [36m304 [0m0.492 ms - -[0m
[0mGET /index.html [32m200 [0m0.728 ms - 6126[0m
[0mGET /javascripts/script.js [36m304 [0m0.484 ms - -[0m
[0mGET /index.html [36m304 [0m0.493 ms - -[0m
[0mGET /javascripts/script.js [36m304 [0m0.454 ms - -[0m
[0mGET /index.html [32m200 [0m8.349 ms - 6125[0m
[0mGET /javascripts/script.js [36m304 [0m0.487 ms - -[0m
[0mGET /index.html [32m200 [0m0.790 ms - 6245[0m
[0mGET /javascripts/script.js [36m304 [0m0.481 ms - -[0m
[0mGET /index.html [36m304 [0m0.860 ms - -[0m
[0mGET /javascripts/script.js [36m304 [0m2.134 ms - -[0m
[0mGET /index.html [36m304 [0m0.450 ms - -[0m
[0mGET /javascripts/script.js [32m200 [0m0.770 ms - 622[0m
[0mGET /index.html [36m304 [0m0.472 ms - -[0m
[0mGET /javascripts/script.js [36m304 [0m0.451 ms - -[0m
[0mGET /index.html [36m304 [0m0.494 ms - -[0m
[0mGET /javascripts/script.js [36m304 [0m0.511 ms - -[0m
[0mGET /index.html [32m200 [0m0.776 ms - 6257[0m
[0mGET /javascripts/script.js [32m200 [0m0.812 ms - 622[0m
[0mGET /index.html [32m200 [0m0.758 ms - 6115[0m
[0mGET /javascripts/script.js [36m304 [0m0.544 ms - -[0m
[0mGET /index.html [36m304 [0m0.472 ms - -[0m
[0mGET /javascripts/script.js [36m304 [0m0.472 ms - -[0m
[0mGET /index.html [36m304 [0m0.494 ms - -[0m
[0mGET /javascripts/script.js [36m304 [0m0.509 ms - -[0m
[0mGET /index.html [32m200 [0m1.252 ms - 6136[0m
[0mGET /javascripts/script.js [36m304 [0m0.452 ms - -[0m
[0mGET /index.html [36m304 [0m0.504 ms - -[0m
[0mGET /javascripts/script.js [36m304 [0m0.476 ms - -[0m
[0mGET /index.html [32m200 [0m0.830 ms - 6136[0m
[0mGET /javascripts/script.js [36m304 [0m0.488 ms - -[0m
[0mGET /index.html [32m200 [0m0.726 ms - 6125[0m
[0mGET /javascripts/script.js [36m304 [0m0.482 ms - -[0m
[0mGET /index.html [32m200 [0m0.818 ms - 6146[0m
[0mGET /javascripts/script.js [36m304 [0m0.492 ms - -[0m
[0mGET /index.html [36m304 [0m0.498 ms - -[0m
[0mGET /javascripts/script.js [36m304 [0m1.587 ms - -[0m
